Traceback (most recent call last):
  File "C:\Users\ucqspbr\dev\jbenv\Lib\site-packages\jupyter_core\utils\__init__.py", line 154, in wrapped
    asyncio.get_running_loop()
    ~~~~~~~~~~~~~~~~~~~~~~~~^^
RuntimeError: no running event loop

During handling of the above exception, another exception occurred:

Traceback (most recent call last):
  File "C:\Users\ucqspbr\dev\jbenv\Lib\site-packages\jupyter_cache\executors\utils.py", line 58, in single_nb_execution
    executenb(
    ~~~~~~~~~^
        nb,
        ^^^
    ...<4 lines>...
        **kwargs,
        ^^^^^^^^^
    )
    ^
  File "C:\Users\ucqspbr\dev\jbenv\Lib\site-packages\nbclient\client.py", line 1319, in execute
    return NotebookClient(nb=nb, resources=resources, km=km, **kwargs).execute()
           ~~~~~~~~~~~~~~~~~~~~~~~~~~~~~~~~~~~~~~~~~~~~~~~~~~~~~~~~~~~~~~~~~~~^^
  File "C:\Users\ucqspbr\dev\jbenv\Lib\site-packages\jupyter_core\utils\__init__.py", line 158, in wrapped
    return loop.run_until_complete(inner)
           ~~~~~~~~~~~~~~~~~~~~~~~^^^^^^^
  File "C:\Users\ucqspbr\AppData\Local\Programs\Python\Python313\Lib\asyncio\base_events.py", line 725, in run_until_complete
    return future.result()
           ~~~~~~~~~~~~~^^
  File "C:\Users\ucqspbr\dev\jbenv\Lib\site-packages\nbclient\client.py", line 709, in async_execute
    await self.async_execute_cell(
        cell, index, execution_count=self.code_cells_executed + 1
    )
  File "C:\Users\ucqspbr\dev\jbenv\Lib\site-packages\nbclient\client.py", line 1062, in async_execute_cell
    await self._check_raise_for_error(cell, cell_index, exec_reply)
  File "C:\Users\ucqspbr\dev\jbenv\Lib\site-packages\nbclient\client.py", line 918, in _check_raise_for_error
    raise CellExecutionError.from_cell_and_msg(cell, exec_reply_content)
nbclient.exceptions.CellExecutionError: An error occurred while executing the following cell:
------------------
import numpy as np
import matplotlib.pyplot as plt

n = 50

fig, axs = plt.subplots(3,1, figsize=(10,6))

for k, r in enumerate([2.0, 3.0, 4.0]):

    x = np.zeros(n)
    x[0] = 0.2

    for i in range(n-1):
        x[i+1] = r*x[i]*(1-x[i])

    axs[k].plot(x, label="$r = {r:.1f}$".format(r = r))
    axs[k].legend(fontsize=16, location=1)
    axs[k].set_ylim(0,1)
    if k < 2:
        axs[k].set_xticks([])
    
axs[2].set_xlabel("timestep")

fig.suptitle("Time course of the logistic map");
------------------


[31m---------------------------------------------------------------------------[39m
[31mTypeError[39m                                 Traceback (most recent call last)
[36mCell[39m[36m [39m[32mIn[4][39m[32m, line 17[39m
[32m     14[39m     x[i+[32m1[39m] = r*x[i]*([32m1[39m-x[i])
[32m     16[39m axs[k].plot(x, label=[33m"[39m[33m$r = [39m[38;5;132;01m{r:.1f}[39;00m[33m$[39m[33m"[39m.format(r = r))
[32m---> [39m[32m17[39m [43maxs[49m[43m[[49m[43mk[49m[43m][49m[43m.[49m[43mlegend[49m[43m([49m[43mfontsize[49m[43m=[49m[32;43m16[39;49m[43m,[49m[43m [49m[43mlocation[49m[43m=[49m[32;43m1[39;49m[43m)[49m
[32m     18[39m axs[k].set_ylim([32m0[39m,[32m1[39m)
[32m     19[39m [38;5;28;01mif[39;00m k < [32m2[39m:

[36mFile [39m[32m~\dev\jbenv\Lib\site-packages\matplotlib\axes\_axes.py:337[39m, in [36mAxes.legend[39m[34m(self, *args, **kwargs)[39m
[32m    220[39m [38;5;250m[39m[33;03m"""[39;00m
[32m    221[39m [33;03mPlace a legend on the Axes.[39;00m
[32m    222[39m 
[32m   (...)[39m[32m    334[39m [33;03m.. plot:: gallery/text_labels_and_annotations/legend.py[39;00m
[32m    335[39m [33;03m"""[39;00m
[32m    336[39m handles, labels, kwargs = mlegend._parse_legend_args([[38;5;28mself[39m], *args, **kwargs)
[32m--> [39m[32m337[39m [38;5;28mself[39m.legend_ = [43mmlegend[49m[43m.[49m[43mLegend[49m[43m([49m[38;5;28;43mself[39;49m[43m,[49m[43m [49m[43mhandles[49m[43m,[49m[43m [49m[43mlabels[49m[43m,[49m[43m [49m[43m*[49m[43m*[49m[43mkwargs[49m[43m)[49m
[32m    338[39m [38;5;28mself[39m.legend_._remove_method = [38;5;28mself[39m._remove_legend
[32m    339[39m [38;5;28;01mreturn[39;00m [38;5;28mself[39m.legend_

[31mTypeError[39m: Legend.__init__() got an unexpected keyword argument 'location'

